Script created and submitted for SRR9617532_Aligned.sortedByCoord.out.bam.
Script path: /beegfs/home/fslimi/scripts/Sc_fic_hyp_junc/slurm_JunctionExtraction_script_SRR9617532_Aligned.sortedByCoord.out.sh
Output file: /beegfs/home/fslimi/scripts/Sc_fic_hyp_junc/junc_out-err/SRR9617532_Aligned.sortedByCoord.out.bam_%j_Junc.out
Error file: /beegfs/home/fslimi/scripts/Sc_fic_hyp_junc/junc_out-err/SRR9617532_Aligned.sortedByCoord.out.bam_%j_Junc.err
JobID: 971879

Script created and submitted for SRR9617533_Aligned.sortedByCoord.out.bam.
Script path: /beegfs/home/fslimi/scripts/Sc_fic_hyp_junc/slurm_JunctionExtraction_script_SRR9617533_Aligned.sortedByCoord.out.sh
Output file: /beegfs/home/fslimi/scripts/Sc_fic_hyp_junc/junc_out-err/SRR9617533_Aligned.sortedByCoord.out.bam_%j_Junc.out
Error file: /beegfs/home/fslimi/scripts/Sc_fic_hyp_junc/junc_out-err/SRR9617533_Aligned.sortedByCoord.out.bam_%j_Junc.err
JobID: 971880

Script created and submitted for SRR9617534_Aligned.sortedByCoord.out.bam.
Script path: /beegfs/home/fslimi/scripts/Sc_fic_hyp_junc/slurm_JunctionExtraction_script_SRR9617534_Aligned.sortedByCoord.out.sh
Output file: /beegfs/home/fslimi/scripts/Sc_fic_hyp_junc/junc_out-err/SRR9617534_Aligned.sortedByCoord.out.bam_%j_Junc.out
Error file: /beegfs/home/fslimi/scripts/Sc_fic_hyp_junc/junc_out-err/SRR9617534_Aligned.sortedByCoord.out.bam_%j_Junc.err
JobID: 971881

Script created and submitted for SRR9617535_Aligned.sortedByCoord.out.bam.
Script path: /beegfs/home/fslimi/scripts/Sc_fic_hyp_junc/slurm_JunctionExtraction_script_SRR9617535_Aligned.sortedByCoord.out.sh
Output file: /beegfs/home/fslimi/scripts/Sc_fic_hyp_junc/junc_out-err/SRR9617535_Aligned.sortedByCoord.out.bam_%j_Junc.out
Error file: /beegfs/home/fslimi/scripts/Sc_fic_hyp_junc/junc_out-err/SRR9617535_Aligned.sortedByCoord.out.bam_%j_Junc.err
JobID: 971882

Script created and submitted for SRR9617536_Aligned.sortedByCoord.out.bam.
Script path: /beegfs/home/fslimi/scripts/Sc_fic_hyp_junc/slurm_JunctionExtraction_script_SRR9617536_Aligned.sortedByCoord.out.sh
Output file: /beegfs/home/fslimi/scripts/Sc_fic_hyp_junc/junc_out-err/SRR9617536_Aligned.sortedByCoord.out.bam_%j_Junc.out
Error file: /beegfs/home/fslimi/scripts/Sc_fic_hyp_junc/junc_out-err/SRR9617536_Aligned.sortedByCoord.out.bam_%j_Junc.err
JobID: 971883

Script created and submitted for SRR9617537_Aligned.sortedByCoord.out.bam.
Script path: /beegfs/home/fslimi/scripts/Sc_fic_hyp_junc/slurm_JunctionExtraction_script_SRR9617537_Aligned.sortedByCoord.out.sh
Output file: /beegfs/home/fslimi/scripts/Sc_fic_hyp_junc/junc_out-err/SRR9617537_Aligned.sortedByCoord.out.bam_%j_Junc.out
Error file: /beegfs/home/fslimi/scripts/Sc_fic_hyp_junc/junc_out-err/SRR9617537_Aligned.sortedByCoord.out.bam_%j_Junc.err
JobID: 971884

Script created and submitted for SRR9617538_Aligned.sortedByCoord.out.bam.
Script path: /beegfs/home/fslimi/scripts/Sc_fic_hyp_junc/slurm_JunctionExtraction_script_SRR9617538_Aligned.sortedByCoord.out.sh
Output file: /beegfs/home/fslimi/scripts/Sc_fic_hyp_junc/junc_out-err/SRR9617538_Aligned.sortedByCoord.out.bam_%j_Junc.out
Error file: /beegfs/home/fslimi/scripts/Sc_fic_hyp_junc/junc_out-err/SRR9617538_Aligned.sortedByCoord.out.bam_%j_Junc.err
JobID: 971885

Script created and submitted for SRR9617539_Aligned.sortedByCoord.out.bam.
Script path: /beegfs/home/fslimi/scripts/Sc_fic_hyp_junc/slurm_JunctionExtraction_script_SRR9617539_Aligned.sortedByCoord.out.sh
Output file: /beegfs/home/fslimi/scripts/Sc_fic_hyp_junc/junc_out-err/SRR9617539_Aligned.sortedByCoord.out.bam_%j_Junc.out
Error file: /beegfs/home/fslimi/scripts/Sc_fic_hyp_junc/junc_out-err/SRR9617539_Aligned.sortedByCoord.out.bam_%j_Junc.err
JobID: 971886

Script created and submitted for SRR9617540_Aligned.sortedByCoord.out.bam.
Script path: /beegfs/home/fslimi/scripts/Sc_fic_hyp_junc/slurm_JunctionExtraction_script_SRR9617540_Aligned.sortedByCoord.out.sh
Output file: /beegfs/home/fslimi/scripts/Sc_fic_hyp_junc/junc_out-err/SRR9617540_Aligned.sortedByCoord.out.bam_%j_Junc.out
Error file: /beegfs/home/fslimi/scripts/Sc_fic_hyp_junc/junc_out-err/SRR9617540_Aligned.sortedByCoord.out.bam_%j_Junc.err
JobID: 971887

Script created and submitted for SRR9617561_Aligned.sortedByCoord.out.bam.
Script path: /beegfs/home/fslimi/scripts/Sc_fic_hyp_junc/slurm_JunctionExtraction_script_SRR9617561_Aligned.sortedByCoord.out.sh
Output file: /beegfs/home/fslimi/scripts/Sc_fic_hyp_junc/junc_out-err/SRR9617561_Aligned.sortedByCoord.out.bam_%j_Junc.out
Error file: /beegfs/home/fslimi/scripts/Sc_fic_hyp_junc/junc_out-err/SRR9617561_Aligned.sortedByCoord.out.bam_%j_Junc.err
JobID: 971888

Script created and submitted for SRR9617562_Aligned.sortedByCoord.out.bam.
Script path: /beegfs/home/fslimi/scripts/Sc_fic_hyp_junc/slurm_JunctionExtraction_script_SRR9617562_Aligned.sortedByCoord.out.sh
Output file: /beegfs/home/fslimi/scripts/Sc_fic_hyp_junc/junc_out-err/SRR9617562_Aligned.sortedByCoord.out.bam_%j_Junc.out
Error file: /beegfs/home/fslimi/scripts/Sc_fic_hyp_junc/junc_out-err/SRR9617562_Aligned.sortedByCoord.out.bam_%j_Junc.err
JobID: 971889

Script created and submitted for SRR9617564_Aligned.sortedByCoord.out.bam.
Script path: /beegfs/home/fslimi/scripts/Sc_fic_hyp_junc/slurm_JunctionExtraction_script_SRR9617564_Aligned.sortedByCoord.out.sh
Output file: /beegfs/home/fslimi/scripts/Sc_fic_hyp_junc/junc_out-err/SRR9617564_Aligned.sortedByCoord.out.bam_%j_Junc.out
Error file: /beegfs/home/fslimi/scripts/Sc_fic_hyp_junc/junc_out-err/SRR9617564_Aligned.sortedByCoord.out.bam_%j_Junc.err
JobID: 971890

Script created and submitted for SRR9617565_Aligned.sortedByCoord.out.bam.
Script path: /beegfs/home/fslimi/scripts/Sc_fic_hyp_junc/slurm_JunctionExtraction_script_SRR9617565_Aligned.sortedByCoord.out.sh
Output file: /beegfs/home/fslimi/scripts/Sc_fic_hyp_junc/junc_out-err/SRR9617565_Aligned.sortedByCoord.out.bam_%j_Junc.out
Error file: /beegfs/home/fslimi/scripts/Sc_fic_hyp_junc/junc_out-err/SRR9617565_Aligned.sortedByCoord.out.bam_%j_Junc.err
JobID: 971891

Script created and submitted for SRR9617566_Aligned.sortedByCoord.out.bam.
Script path: /beegfs/home/fslimi/scripts/Sc_fic_hyp_junc/slurm_JunctionExtraction_script_SRR9617566_Aligned.sortedByCoord.out.sh
Output file: /beegfs/home/fslimi/scripts/Sc_fic_hyp_junc/junc_out-err/SRR9617566_Aligned.sortedByCoord.out.bam_%j_Junc.out
Error file: /beegfs/home/fslimi/scripts/Sc_fic_hyp_junc/junc_out-err/SRR9617566_Aligned.sortedByCoord.out.bam_%j_Junc.err
JobID: 971892

Script created and submitted for SRR9617567_Aligned.sortedByCoord.out.bam.
Script path: /beegfs/home/fslimi/scripts/Sc_fic_hyp_junc/slurm_JunctionExtraction_script_SRR9617567_Aligned.sortedByCoord.out.sh
Output file: /beegfs/home/fslimi/scripts/Sc_fic_hyp_junc/junc_out-err/SRR9617567_Aligned.sortedByCoord.out.bam_%j_Junc.out
Error file: /beegfs/home/fslimi/scripts/Sc_fic_hyp_junc/junc_out-err/SRR9617567_Aligned.sortedByCoord.out.bam_%j_Junc.err
JobID: 971893

Script created and submitted for SRR9617568_Aligned.sortedByCoord.out.bam.
Script path: /beegfs/home/fslimi/scripts/Sc_fic_hyp_junc/slurm_JunctionExtraction_script_SRR9617568_Aligned.sortedByCoord.out.sh
Output file: /beegfs/home/fslimi/scripts/Sc_fic_hyp_junc/junc_out-err/SRR9617568_Aligned.sortedByCoord.out.bam_%j_Junc.out
Error file: /beegfs/home/fslimi/scripts/Sc_fic_hyp_junc/junc_out-err/SRR9617568_Aligned.sortedByCoord.out.bam_%j_Junc.err
JobID: 971894

Script created and submitted for SRR9617569_Aligned.sortedByCoord.out.bam.
Script path: /beegfs/home/fslimi/scripts/Sc_fic_hyp_junc/slurm_JunctionExtraction_script_SRR9617569_Aligned.sortedByCoord.out.sh
Output file: /beegfs/home/fslimi/scripts/Sc_fic_hyp_junc/junc_out-err/SRR9617569_Aligned.sortedByCoord.out.bam_%j_Junc.out
Error file: /beegfs/home/fslimi/scripts/Sc_fic_hyp_junc/junc_out-err/SRR9617569_Aligned.sortedByCoord.out.bam_%j_Junc.err
JobID: 971895

Script created and submitted for SRR9617570_Aligned.sortedByCoord.out.bam.
Script path: /beegfs/home/fslimi/scripts/Sc_fic_hyp_junc/slurm_JunctionExtraction_script_SRR9617570_Aligned.sortedByCoord.out.sh
Output file: /beegfs/home/fslimi/scripts/Sc_fic_hyp_junc/junc_out-err/SRR9617570_Aligned.sortedByCoord.out.bam_%j_Junc.out
Error file: /beegfs/home/fslimi/scripts/Sc_fic_hyp_junc/junc_out-err/SRR9617570_Aligned.sortedByCoord.out.bam_%j_Junc.err
JobID: 971896

Script created and submitted for SRR9617571_Aligned.sortedByCoord.out.bam.
Script path: /beegfs/home/fslimi/scripts/Sc_fic_hyp_junc/slurm_JunctionExtraction_script_SRR9617571_Aligned.sortedByCoord.out.sh
Output file: /beegfs/home/fslimi/scripts/Sc_fic_hyp_junc/junc_out-err/SRR9617571_Aligned.sortedByCoord.out.bam_%j_Junc.out
Error file: /beegfs/home/fslimi/scripts/Sc_fic_hyp_junc/junc_out-err/SRR9617571_Aligned.sortedByCoord.out.bam_%j_Junc.err
JobID: 971897

Script created and submitted for SRR9617572_Aligned.sortedByCoord.out.bam.
Script path: /beegfs/home/fslimi/scripts/Sc_fic_hyp_junc/slurm_JunctionExtraction_script_SRR9617572_Aligned.sortedByCoord.out.sh
Output file: /beegfs/home/fslimi/scripts/Sc_fic_hyp_junc/junc_out-err/SRR9617572_Aligned.sortedByCoord.out.bam_%j_Junc.out
Error file: /beegfs/home/fslimi/scripts/Sc_fic_hyp_junc/junc_out-err/SRR9617572_Aligned.sortedByCoord.out.bam_%j_Junc.err
JobID: 971898

Script created and submitted for SRR9617573_Aligned.sortedByCoord.out.bam.
Script path: /beegfs/home/fslimi/scripts/Sc_fic_hyp_junc/slurm_JunctionExtraction_script_SRR9617573_Aligned.sortedByCoord.out.sh
Output file: /beegfs/home/fslimi/scripts/Sc_fic_hyp_junc/junc_out-err/SRR9617573_Aligned.sortedByCoord.out.bam_%j_Junc.out
Error file: /beegfs/home/fslimi/scripts/Sc_fic_hyp_junc/junc_out-err/SRR9617573_Aligned.sortedByCoord.out.bam_%j_Junc.err
JobID: 971899

Script created and submitted for SRR9617574_Aligned.sortedByCoord.out.bam.
Script path: /beegfs/home/fslimi/scripts/Sc_fic_hyp_junc/slurm_JunctionExtraction_script_SRR9617574_Aligned.sortedByCoord.out.sh
Output file: /beegfs/home/fslimi/scripts/Sc_fic_hyp_junc/junc_out-err/SRR9617574_Aligned.sortedByCoord.out.bam_%j_Junc.out
Error file: /beegfs/home/fslimi/scripts/Sc_fic_hyp_junc/junc_out-err/SRR9617574_Aligned.sortedByCoord.out.bam_%j_Junc.err
JobID: 971900

Script created and submitted for SRR9617575_Aligned.sortedByCoord.out.bam.
Script path: /beegfs/home/fslimi/scripts/Sc_fic_hyp_junc/slurm_JunctionExtraction_script_SRR9617575_Aligned.sortedByCoord.out.sh
Output file: /beegfs/home/fslimi/scripts/Sc_fic_hyp_junc/junc_out-err/SRR9617575_Aligned.sortedByCoord.out.bam_%j_Junc.out
Error file: /beegfs/home/fslimi/scripts/Sc_fic_hyp_junc/junc_out-err/SRR9617575_Aligned.sortedByCoord.out.bam_%j_Junc.err
JobID: 971901

Script created and submitted for SRR9617577_Aligned.sortedByCoord.out.bam.
Script path: /beegfs/home/fslimi/scripts/Sc_fic_hyp_junc/slurm_JunctionExtraction_script_SRR9617577_Aligned.sortedByCoord.out.sh
Output file: /beegfs/home/fslimi/scripts/Sc_fic_hyp_junc/junc_out-err/SRR9617577_Aligned.sortedByCoord.out.bam_%j_Junc.out
Error file: /beegfs/home/fslimi/scripts/Sc_fic_hyp_junc/junc_out-err/SRR9617577_Aligned.sortedByCoord.out.bam_%j_Junc.err
JobID: 971902

Script created and submitted for SRR9617586_Aligned.sortedByCoord.out.bam.
Script path: /beegfs/home/fslimi/scripts/Sc_fic_hyp_junc/slurm_JunctionExtraction_script_SRR9617586_Aligned.sortedByCoord.out.sh
Output file: /beegfs/home/fslimi/scripts/Sc_fic_hyp_junc/junc_out-err/SRR9617586_Aligned.sortedByCoord.out.bam_%j_Junc.out
Error file: /beegfs/home/fslimi/scripts/Sc_fic_hyp_junc/junc_out-err/SRR9617586_Aligned.sortedByCoord.out.bam_%j_Junc.err
JobID: 971903

