Script created and submitted for SRR9617524_Aligned.sortedByCoord.out.bam.
Script path: /beegfs/home/fslimi/scripts/Sc_fic_alb_junc/slurm_JunctionExtraction_script_SRR9617524_Aligned.sortedByCoord.out.sh
Output file: /beegfs/home/fslimi/scripts/Sc_fic_alb_junc/SRR9617524_Aligned.sortedByCoord.out.bam_%j_Junc.out
Error file: /beegfs/home/fslimi/scripts/Sc_fic_alb_junc/SRR9617524_Aligned.sortedByCoord.out.bam_%j_Junc.err
JobID: 938894

Script created and submitted for SRR9617525_Aligned.sortedByCoord.out.bam.
Script path: /beegfs/home/fslimi/scripts/Sc_fic_alb_junc/slurm_JunctionExtraction_script_SRR9617525_Aligned.sortedByCoord.out.sh
Output file: /beegfs/home/fslimi/scripts/Sc_fic_alb_junc/SRR9617525_Aligned.sortedByCoord.out.bam_%j_Junc.out
Error file: /beegfs/home/fslimi/scripts/Sc_fic_alb_junc/SRR9617525_Aligned.sortedByCoord.out.bam_%j_Junc.err
JobID: 938895

Script created and submitted for SRR9617526_Aligned.sortedByCoord.out.bam.
Script path: /beegfs/home/fslimi/scripts/Sc_fic_alb_junc/slurm_JunctionExtraction_script_SRR9617526_Aligned.sortedByCoord.out.sh
Output file: /beegfs/home/fslimi/scripts/Sc_fic_alb_junc/SRR9617526_Aligned.sortedByCoord.out.bam_%j_Junc.out
Error file: /beegfs/home/fslimi/scripts/Sc_fic_alb_junc/SRR9617526_Aligned.sortedByCoord.out.bam_%j_Junc.err
JobID: 938896

Script created and submitted for SRR9617527_Aligned.sortedByCoord.out.bam.
Script path: /beegfs/home/fslimi/scripts/Sc_fic_alb_junc/slurm_JunctionExtraction_script_SRR9617527_Aligned.sortedByCoord.out.sh
Output file: /beegfs/home/fslimi/scripts/Sc_fic_alb_junc/SRR9617527_Aligned.sortedByCoord.out.bam_%j_Junc.out
Error file: /beegfs/home/fslimi/scripts/Sc_fic_alb_junc/SRR9617527_Aligned.sortedByCoord.out.bam_%j_Junc.err
JobID: 938897

Script created and submitted for SRR9617528_Aligned.sortedByCoord.out.bam.
Script path: /beegfs/home/fslimi/scripts/Sc_fic_alb_junc/slurm_JunctionExtraction_script_SRR9617528_Aligned.sortedByCoord.out.sh
Output file: /beegfs/home/fslimi/scripts/Sc_fic_alb_junc/SRR9617528_Aligned.sortedByCoord.out.bam_%j_Junc.out
Error file: /beegfs/home/fslimi/scripts/Sc_fic_alb_junc/SRR9617528_Aligned.sortedByCoord.out.bam_%j_Junc.err
JobID: 938898

Script created and submitted for SRR9617529_Aligned.sortedByCoord.out.bam.
Script path: /beegfs/home/fslimi/scripts/Sc_fic_alb_junc/slurm_JunctionExtraction_script_SRR9617529_Aligned.sortedByCoord.out.sh
Output file: /beegfs/home/fslimi/scripts/Sc_fic_alb_junc/SRR9617529_Aligned.sortedByCoord.out.bam_%j_Junc.out
Error file: /beegfs/home/fslimi/scripts/Sc_fic_alb_junc/SRR9617529_Aligned.sortedByCoord.out.bam_%j_Junc.err
JobID: 938899

Script created and submitted for SRR9617530_Aligned.sortedByCoord.out.bam.
Script path: /beegfs/home/fslimi/scripts/Sc_fic_alb_junc/slurm_JunctionExtraction_script_SRR9617530_Aligned.sortedByCoord.out.sh
Output file: /beegfs/home/fslimi/scripts/Sc_fic_alb_junc/SRR9617530_Aligned.sortedByCoord.out.bam_%j_Junc.out
Error file: /beegfs/home/fslimi/scripts/Sc_fic_alb_junc/SRR9617530_Aligned.sortedByCoord.out.bam_%j_Junc.err
JobID: 938900

Script created and submitted for SRR9617531_Aligned.sortedByCoord.out.bam.
Script path: /beegfs/home/fslimi/scripts/Sc_fic_alb_junc/slurm_JunctionExtraction_script_SRR9617531_Aligned.sortedByCoord.out.sh
Output file: /beegfs/home/fslimi/scripts/Sc_fic_alb_junc/SRR9617531_Aligned.sortedByCoord.out.bam_%j_Junc.out
Error file: /beegfs/home/fslimi/scripts/Sc_fic_alb_junc/SRR9617531_Aligned.sortedByCoord.out.bam_%j_Junc.err
JobID: 938901

Script created and submitted for SRR9617541_Aligned.sortedByCoord.out.bam.
Script path: /beegfs/home/fslimi/scripts/Sc_fic_alb_junc/slurm_JunctionExtraction_script_SRR9617541_Aligned.sortedByCoord.out.sh
Output file: /beegfs/home/fslimi/scripts/Sc_fic_alb_junc/SRR9617541_Aligned.sortedByCoord.out.bam_%j_Junc.out
Error file: /beegfs/home/fslimi/scripts/Sc_fic_alb_junc/SRR9617541_Aligned.sortedByCoord.out.bam_%j_Junc.err
JobID: 938902

Script created and submitted for SRR9617542_Aligned.sortedByCoord.out.bam.
Script path: /beegfs/home/fslimi/scripts/Sc_fic_alb_junc/slurm_JunctionExtraction_script_SRR9617542_Aligned.sortedByCoord.out.sh
Output file: /beegfs/home/fslimi/scripts/Sc_fic_alb_junc/SRR9617542_Aligned.sortedByCoord.out.bam_%j_Junc.out
Error file: /beegfs/home/fslimi/scripts/Sc_fic_alb_junc/SRR9617542_Aligned.sortedByCoord.out.bam_%j_Junc.err
JobID: 938903

Script created and submitted for SRR9617543_Aligned.sortedByCoord.out.bam.
Script path: /beegfs/home/fslimi/scripts/Sc_fic_alb_junc/slurm_JunctionExtraction_script_SRR9617543_Aligned.sortedByCoord.out.sh
Output file: /beegfs/home/fslimi/scripts/Sc_fic_alb_junc/SRR9617543_Aligned.sortedByCoord.out.bam_%j_Junc.out
Error file: /beegfs/home/fslimi/scripts/Sc_fic_alb_junc/SRR9617543_Aligned.sortedByCoord.out.bam_%j_Junc.err
JobID: 938904

Script created and submitted for SRR9617544_Aligned.sortedByCoord.out.bam.
Script path: /beegfs/home/fslimi/scripts/Sc_fic_alb_junc/slurm_JunctionExtraction_script_SRR9617544_Aligned.sortedByCoord.out.sh
Output file: /beegfs/home/fslimi/scripts/Sc_fic_alb_junc/SRR9617544_Aligned.sortedByCoord.out.bam_%j_Junc.out
Error file: /beegfs/home/fslimi/scripts/Sc_fic_alb_junc/SRR9617544_Aligned.sortedByCoord.out.bam_%j_Junc.err
JobID: 938905

Script created and submitted for SRR9617545_Aligned.sortedByCoord.out.bam.
Script path: /beegfs/home/fslimi/scripts/Sc_fic_alb_junc/slurm_JunctionExtraction_script_SRR9617545_Aligned.sortedByCoord.out.sh
Output file: /beegfs/home/fslimi/scripts/Sc_fic_alb_junc/SRR9617545_Aligned.sortedByCoord.out.bam_%j_Junc.out
Error file: /beegfs/home/fslimi/scripts/Sc_fic_alb_junc/SRR9617545_Aligned.sortedByCoord.out.bam_%j_Junc.err
JobID: 938906

Script created and submitted for SRR9617546_Aligned.sortedByCoord.out.bam.
Script path: /beegfs/home/fslimi/scripts/Sc_fic_alb_junc/slurm_JunctionExtraction_script_SRR9617546_Aligned.sortedByCoord.out.sh
Output file: /beegfs/home/fslimi/scripts/Sc_fic_alb_junc/SRR9617546_Aligned.sortedByCoord.out.bam_%j_Junc.out
Error file: /beegfs/home/fslimi/scripts/Sc_fic_alb_junc/SRR9617546_Aligned.sortedByCoord.out.bam_%j_Junc.err
JobID: 938907

Script created and submitted for SRR9617547_Aligned.sortedByCoord.out.bam.
Script path: /beegfs/home/fslimi/scripts/Sc_fic_alb_junc/slurm_JunctionExtraction_script_SRR9617547_Aligned.sortedByCoord.out.sh
Output file: /beegfs/home/fslimi/scripts/Sc_fic_alb_junc/SRR9617547_Aligned.sortedByCoord.out.bam_%j_Junc.out
Error file: /beegfs/home/fslimi/scripts/Sc_fic_alb_junc/SRR9617547_Aligned.sortedByCoord.out.bam_%j_Junc.err
JobID: 938908

Script created and submitted for SRR9617548_Aligned.sortedByCoord.out.bam.
Script path: /beegfs/home/fslimi/scripts/Sc_fic_alb_junc/slurm_JunctionExtraction_script_SRR9617548_Aligned.sortedByCoord.out.sh
Output file: /beegfs/home/fslimi/scripts/Sc_fic_alb_junc/SRR9617548_Aligned.sortedByCoord.out.bam_%j_Junc.out
Error file: /beegfs/home/fslimi/scripts/Sc_fic_alb_junc/SRR9617548_Aligned.sortedByCoord.out.bam_%j_Junc.err
JobID: 938909

Script created and submitted for SRR9617549_Aligned.sortedByCoord.out.bam.
Script path: /beegfs/home/fslimi/scripts/Sc_fic_alb_junc/slurm_JunctionExtraction_script_SRR9617549_Aligned.sortedByCoord.out.sh
Output file: /beegfs/home/fslimi/scripts/Sc_fic_alb_junc/SRR9617549_Aligned.sortedByCoord.out.bam_%j_Junc.out
Error file: /beegfs/home/fslimi/scripts/Sc_fic_alb_junc/SRR9617549_Aligned.sortedByCoord.out.bam_%j_Junc.err
JobID: 938910

Script created and submitted for SRR9617550_Aligned.sortedByCoord.out.bam.
Script path: /beegfs/home/fslimi/scripts/Sc_fic_alb_junc/slurm_JunctionExtraction_script_SRR9617550_Aligned.sortedByCoord.out.sh
Output file: /beegfs/home/fslimi/scripts/Sc_fic_alb_junc/SRR9617550_Aligned.sortedByCoord.out.bam_%j_Junc.out
Error file: /beegfs/home/fslimi/scripts/Sc_fic_alb_junc/SRR9617550_Aligned.sortedByCoord.out.bam_%j_Junc.err
JobID: 938911

Script created and submitted for SRR9617563_Aligned.sortedByCoord.out.bam.
Script path: /beegfs/home/fslimi/scripts/Sc_fic_alb_junc/slurm_JunctionExtraction_script_SRR9617563_Aligned.sortedByCoord.out.sh
Output file: /beegfs/home/fslimi/scripts/Sc_fic_alb_junc/SRR9617563_Aligned.sortedByCoord.out.bam_%j_Junc.out
Error file: /beegfs/home/fslimi/scripts/Sc_fic_alb_junc/SRR9617563_Aligned.sortedByCoord.out.bam_%j_Junc.err
JobID: 938912

Script created and submitted for SRR9617576_Aligned.sortedByCoord.out.bam.
Script path: /beegfs/home/fslimi/scripts/Sc_fic_alb_junc/slurm_JunctionExtraction_script_SRR9617576_Aligned.sortedByCoord.out.sh
Output file: /beegfs/home/fslimi/scripts/Sc_fic_alb_junc/SRR9617576_Aligned.sortedByCoord.out.bam_%j_Junc.out
Error file: /beegfs/home/fslimi/scripts/Sc_fic_alb_junc/SRR9617576_Aligned.sortedByCoord.out.bam_%j_Junc.err
JobID: 938913

Script created and submitted for SRR9617581_Aligned.sortedByCoord.out.bam.
Script path: /beegfs/home/fslimi/scripts/Sc_fic_alb_junc/slurm_JunctionExtraction_script_SRR9617581_Aligned.sortedByCoord.out.sh
Output file: /beegfs/home/fslimi/scripts/Sc_fic_alb_junc/SRR9617581_Aligned.sortedByCoord.out.bam_%j_Junc.out
Error file: /beegfs/home/fslimi/scripts/Sc_fic_alb_junc/SRR9617581_Aligned.sortedByCoord.out.bam_%j_Junc.err
JobID: 938914

Script created and submitted for SRR9617582_Aligned.sortedByCoord.out.bam.
Script path: /beegfs/home/fslimi/scripts/Sc_fic_alb_junc/slurm_JunctionExtraction_script_SRR9617582_Aligned.sortedByCoord.out.sh
Output file: /beegfs/home/fslimi/scripts/Sc_fic_alb_junc/SRR9617582_Aligned.sortedByCoord.out.bam_%j_Junc.out
Error file: /beegfs/home/fslimi/scripts/Sc_fic_alb_junc/SRR9617582_Aligned.sortedByCoord.out.bam_%j_Junc.err
JobID: 938915

Script created and submitted for SRR9617583_Aligned.sortedByCoord.out.bam.
Script path: /beegfs/home/fslimi/scripts/Sc_fic_alb_junc/slurm_JunctionExtraction_script_SRR9617583_Aligned.sortedByCoord.out.sh
Output file: /beegfs/home/fslimi/scripts/Sc_fic_alb_junc/SRR9617583_Aligned.sortedByCoord.out.bam_%j_Junc.out
Error file: /beegfs/home/fslimi/scripts/Sc_fic_alb_junc/SRR9617583_Aligned.sortedByCoord.out.bam_%j_Junc.err
JobID: 938916

Script created and submitted for SRR9617584_Aligned.sortedByCoord.out.bam.
Script path: /beegfs/home/fslimi/scripts/Sc_fic_alb_junc/slurm_JunctionExtraction_script_SRR9617584_Aligned.sortedByCoord.out.sh
Output file: /beegfs/home/fslimi/scripts/Sc_fic_alb_junc/SRR9617584_Aligned.sortedByCoord.out.bam_%j_Junc.out
Error file: /beegfs/home/fslimi/scripts/Sc_fic_alb_junc/SRR9617584_Aligned.sortedByCoord.out.bam_%j_Junc.err
JobID: 938917

Script created and submitted for SRR9617585_Aligned.sortedByCoord.out.bam.
Script path: /beegfs/home/fslimi/scripts/Sc_fic_alb_junc/slurm_JunctionExtraction_script_SRR9617585_Aligned.sortedByCoord.out.sh
Output file: /beegfs/home/fslimi/scripts/Sc_fic_alb_junc/SRR9617585_Aligned.sortedByCoord.out.bam_%j_Junc.out
Error file: /beegfs/home/fslimi/scripts/Sc_fic_alb_junc/SRR9617585_Aligned.sortedByCoord.out.bam_%j_Junc.err
JobID: 938918

