Script created and submitted for SRR9617524.
Script path: /beegfs/home/fslimi/scripts/Sc_mapping_reads/slurm_Alignment_script_SRR9617524.sh
Data directory: /beegfs/data/fslimi/RNAseq/fic_alb/SRR9617524/
Output file: /beegfs/home/fslimi/scripts/Sc_mapping_readsSRR9617524_%j_Alig.out
Error file: /beegfs/home/fslimi/scripts/Sc_mapping_readsSRR9617524_%j_Alig.err
JobID: 869096

Script created and submitted for SRR9617525.
Script path: /beegfs/home/fslimi/scripts/Sc_mapping_reads/slurm_Alignment_script_SRR9617525.sh
Data directory: /beegfs/data/fslimi/RNAseq/fic_alb/SRR9617525/
Output file: /beegfs/home/fslimi/scripts/Sc_mapping_readsSRR9617525_%j_Alig.out
Error file: /beegfs/home/fslimi/scripts/Sc_mapping_readsSRR9617525_%j_Alig.err
JobID: 869097

Script created and submitted for SRR9617526.
Script path: /beegfs/home/fslimi/scripts/Sc_mapping_reads/slurm_Alignment_script_SRR9617526.sh
Data directory: /beegfs/data/fslimi/RNAseq/fic_alb/SRR9617526/
Output file: /beegfs/home/fslimi/scripts/Sc_mapping_readsSRR9617526_%j_Alig.out
Error file: /beegfs/home/fslimi/scripts/Sc_mapping_readsSRR9617526_%j_Alig.err
JobID: 869098

Script created and submitted for SRR9617527.
Script path: /beegfs/home/fslimi/scripts/Sc_mapping_reads/slurm_Alignment_script_SRR9617527.sh
Data directory: /beegfs/data/fslimi/RNAseq/fic_alb/SRR9617527/
Output file: /beegfs/home/fslimi/scripts/Sc_mapping_readsSRR9617527_%j_Alig.out
Error file: /beegfs/home/fslimi/scripts/Sc_mapping_readsSRR9617527_%j_Alig.err
JobID: 869099

Script created and submitted for SRR9617528.
Script path: /beegfs/home/fslimi/scripts/Sc_mapping_reads/slurm_Alignment_script_SRR9617528.sh
Data directory: /beegfs/data/fslimi/RNAseq/fic_alb/SRR9617528/
Output file: /beegfs/home/fslimi/scripts/Sc_mapping_readsSRR9617528_%j_Alig.out
Error file: /beegfs/home/fslimi/scripts/Sc_mapping_readsSRR9617528_%j_Alig.err
JobID: 869100

Script created and submitted for SRR9617529.
Script path: /beegfs/home/fslimi/scripts/Sc_mapping_reads/slurm_Alignment_script_SRR9617529.sh
Data directory: /beegfs/data/fslimi/RNAseq/fic_alb/SRR9617529/
Output file: /beegfs/home/fslimi/scripts/Sc_mapping_readsSRR9617529_%j_Alig.out
Error file: /beegfs/home/fslimi/scripts/Sc_mapping_readsSRR9617529_%j_Alig.err
JobID: 869101

Script created and submitted for SRR9617530.
Script path: /beegfs/home/fslimi/scripts/Sc_mapping_reads/slurm_Alignment_script_SRR9617530.sh
Data directory: /beegfs/data/fslimi/RNAseq/fic_alb/SRR9617530/
Output file: /beegfs/home/fslimi/scripts/Sc_mapping_readsSRR9617530_%j_Alig.out
Error file: /beegfs/home/fslimi/scripts/Sc_mapping_readsSRR9617530_%j_Alig.err
JobID: 869102

Script created and submitted for SRR9617531.
Script path: /beegfs/home/fslimi/scripts/Sc_mapping_reads/slurm_Alignment_script_SRR9617531.sh
Data directory: /beegfs/data/fslimi/RNAseq/fic_alb/SRR9617531/
Output file: /beegfs/home/fslimi/scripts/Sc_mapping_readsSRR9617531_%j_Alig.out
Error file: /beegfs/home/fslimi/scripts/Sc_mapping_readsSRR9617531_%j_Alig.err
JobID: 869103

Script created and submitted for SRR9617541.
Script path: /beegfs/home/fslimi/scripts/Sc_mapping_reads/slurm_Alignment_script_SRR9617541.sh
Data directory: /beegfs/data/fslimi/RNAseq/fic_alb/SRR9617541/
Output file: /beegfs/home/fslimi/scripts/Sc_mapping_readsSRR9617541_%j_Alig.out
Error file: /beegfs/home/fslimi/scripts/Sc_mapping_readsSRR9617541_%j_Alig.err
JobID: 869104

Script created and submitted for SRR9617542.
Script path: /beegfs/home/fslimi/scripts/Sc_mapping_reads/slurm_Alignment_script_SRR9617542.sh
Data directory: /beegfs/data/fslimi/RNAseq/fic_alb/SRR9617542/
Output file: /beegfs/home/fslimi/scripts/Sc_mapping_readsSRR9617542_%j_Alig.out
Error file: /beegfs/home/fslimi/scripts/Sc_mapping_readsSRR9617542_%j_Alig.err
JobID: 869105

Script created and submitted for SRR9617543.
Script path: /beegfs/home/fslimi/scripts/Sc_mapping_reads/slurm_Alignment_script_SRR9617543.sh
Data directory: /beegfs/data/fslimi/RNAseq/fic_alb/SRR9617543/
Output file: /beegfs/home/fslimi/scripts/Sc_mapping_readsSRR9617543_%j_Alig.out
Error file: /beegfs/home/fslimi/scripts/Sc_mapping_readsSRR9617543_%j_Alig.err
JobID: 869106

Script created and submitted for SRR9617544.
Script path: /beegfs/home/fslimi/scripts/Sc_mapping_reads/slurm_Alignment_script_SRR9617544.sh
Data directory: /beegfs/data/fslimi/RNAseq/fic_alb/SRR9617544/
Output file: /beegfs/home/fslimi/scripts/Sc_mapping_readsSRR9617544_%j_Alig.out
Error file: /beegfs/home/fslimi/scripts/Sc_mapping_readsSRR9617544_%j_Alig.err
JobID: 869107

Script created and submitted for SRR9617545.
Script path: /beegfs/home/fslimi/scripts/Sc_mapping_reads/slurm_Alignment_script_SRR9617545.sh
Data directory: /beegfs/data/fslimi/RNAseq/fic_alb/SRR9617545/
Output file: /beegfs/home/fslimi/scripts/Sc_mapping_readsSRR9617545_%j_Alig.out
Error file: /beegfs/home/fslimi/scripts/Sc_mapping_readsSRR9617545_%j_Alig.err
JobID: 869108

Script created and submitted for SRR9617546.
Script path: /beegfs/home/fslimi/scripts/Sc_mapping_reads/slurm_Alignment_script_SRR9617546.sh
Data directory: /beegfs/data/fslimi/RNAseq/fic_alb/SRR9617546/
Output file: /beegfs/home/fslimi/scripts/Sc_mapping_readsSRR9617546_%j_Alig.out
Error file: /beegfs/home/fslimi/scripts/Sc_mapping_readsSRR9617546_%j_Alig.err
JobID: 869109

Script created and submitted for SRR9617547.
Script path: /beegfs/home/fslimi/scripts/Sc_mapping_reads/slurm_Alignment_script_SRR9617547.sh
Data directory: /beegfs/data/fslimi/RNAseq/fic_alb/SRR9617547/
Output file: /beegfs/home/fslimi/scripts/Sc_mapping_readsSRR9617547_%j_Alig.out
Error file: /beegfs/home/fslimi/scripts/Sc_mapping_readsSRR9617547_%j_Alig.err
JobID: 869110

Script created and submitted for SRR9617548.
Script path: /beegfs/home/fslimi/scripts/Sc_mapping_reads/slurm_Alignment_script_SRR9617548.sh
Data directory: /beegfs/data/fslimi/RNAseq/fic_alb/SRR9617548/
Output file: /beegfs/home/fslimi/scripts/Sc_mapping_readsSRR9617548_%j_Alig.out
Error file: /beegfs/home/fslimi/scripts/Sc_mapping_readsSRR9617548_%j_Alig.err
JobID: 869111

Script created and submitted for SRR9617549.
Script path: /beegfs/home/fslimi/scripts/Sc_mapping_reads/slurm_Alignment_script_SRR9617549.sh
Data directory: /beegfs/data/fslimi/RNAseq/fic_alb/SRR9617549/
Output file: /beegfs/home/fslimi/scripts/Sc_mapping_readsSRR9617549_%j_Alig.out
Error file: /beegfs/home/fslimi/scripts/Sc_mapping_readsSRR9617549_%j_Alig.err
JobID: 869112

Script created and submitted for SRR9617550.
Script path: /beegfs/home/fslimi/scripts/Sc_mapping_reads/slurm_Alignment_script_SRR9617550.sh
Data directory: /beegfs/data/fslimi/RNAseq/fic_alb/SRR9617550/
Output file: /beegfs/home/fslimi/scripts/Sc_mapping_readsSRR9617550_%j_Alig.out
Error file: /beegfs/home/fslimi/scripts/Sc_mapping_readsSRR9617550_%j_Alig.err
JobID: 869113

Script created and submitted for SRR9617563.
Script path: /beegfs/home/fslimi/scripts/Sc_mapping_reads/slurm_Alignment_script_SRR9617563.sh
Data directory: /beegfs/data/fslimi/RNAseq/fic_alb/SRR9617563/
Output file: /beegfs/home/fslimi/scripts/Sc_mapping_readsSRR9617563_%j_Alig.out
Error file: /beegfs/home/fslimi/scripts/Sc_mapping_readsSRR9617563_%j_Alig.err
JobID: 869114

Script created and submitted for SRR9617576.
Script path: /beegfs/home/fslimi/scripts/Sc_mapping_reads/slurm_Alignment_script_SRR9617576.sh
Data directory: /beegfs/data/fslimi/RNAseq/fic_alb/SRR9617576/
Output file: /beegfs/home/fslimi/scripts/Sc_mapping_readsSRR9617576_%j_Alig.out
Error file: /beegfs/home/fslimi/scripts/Sc_mapping_readsSRR9617576_%j_Alig.err
JobID: 869115

Script created and submitted for SRR9617581.
Script path: /beegfs/home/fslimi/scripts/Sc_mapping_reads/slurm_Alignment_script_SRR9617581.sh
Data directory: /beegfs/data/fslimi/RNAseq/fic_alb/SRR9617581/
Output file: /beegfs/home/fslimi/scripts/Sc_mapping_readsSRR9617581_%j_Alig.out
Error file: /beegfs/home/fslimi/scripts/Sc_mapping_readsSRR9617581_%j_Alig.err
JobID: 869116

Script created and submitted for SRR9617582.
Script path: /beegfs/home/fslimi/scripts/Sc_mapping_reads/slurm_Alignment_script_SRR9617582.sh
Data directory: /beegfs/data/fslimi/RNAseq/fic_alb/SRR9617582/
Output file: /beegfs/home/fslimi/scripts/Sc_mapping_readsSRR9617582_%j_Alig.out
Error file: /beegfs/home/fslimi/scripts/Sc_mapping_readsSRR9617582_%j_Alig.err
JobID: 869117

Script created and submitted for SRR9617583.
Script path: /beegfs/home/fslimi/scripts/Sc_mapping_reads/slurm_Alignment_script_SRR9617583.sh
Data directory: /beegfs/data/fslimi/RNAseq/fic_alb/SRR9617583/
Output file: /beegfs/home/fslimi/scripts/Sc_mapping_readsSRR9617583_%j_Alig.out
Error file: /beegfs/home/fslimi/scripts/Sc_mapping_readsSRR9617583_%j_Alig.err
JobID: 869118

Script created and submitted for SRR9617584.
Script path: /beegfs/home/fslimi/scripts/Sc_mapping_reads/slurm_Alignment_script_SRR9617584.sh
Data directory: /beegfs/data/fslimi/RNAseq/fic_alb/SRR9617584/
Output file: /beegfs/home/fslimi/scripts/Sc_mapping_readsSRR9617584_%j_Alig.out
Error file: /beegfs/home/fslimi/scripts/Sc_mapping_readsSRR9617584_%j_Alig.err
JobID: 869119

Script created and submitted for SRR9617585.
Script path: /beegfs/home/fslimi/scripts/Sc_mapping_reads/slurm_Alignment_script_SRR9617585.sh
Data directory: /beegfs/data/fslimi/RNAseq/fic_alb/SRR9617585/
Output file: /beegfs/home/fslimi/scripts/Sc_mapping_readsSRR9617585_%j_Alig.out
Error file: /beegfs/home/fslimi/scripts/Sc_mapping_readsSRR9617585_%j_Alig.err
JobID: 869120

